11:25:35.208 [main] INFO  testCases.TC_003_SecondNewsTest - click the second news content...
11:25:43.628 [main] INFO  testCases.TC_003_SecondNewsTest - verify associate details...
11:25:51.978 [main] INFO  testCases.TC_003_SecondNewsTest - verify hyperlinks display...
11:25:52.185 [main] INFO  testCases.TC_003_SecondNewsTest - verify share options...
11:25:52.438 [main] INFO  testCases.TC_003_SecondNewsTest - verify likes and views options...
11:25:53.907 [main] INFO  testCases.TC_003_SecondNewsTest - ******Finished Second news test******
11:26:03.483 [main] INFO  testCases.TC_004_ThirdNewsTest - ******TC_004 Third page test started******
11:26:03.484 [main] INFO  testCases.TC_004_ThirdNewsTest - Verify the news content...
11:26:18.387 [main] INFO  testCases.TC_004_ThirdNewsTest - verify associate details...
11:26:24.716 [main] INFO  testCases.TC_004_ThirdNewsTest - verify hyperlinks display...
11:26:24.751 [main] INFO  testCases.TC_004_ThirdNewsTest - verify share options...
11:26:24.926 [main] INFO  testCases.TC_004_ThirdNewsTest - verify likes and views options...
11:26:26.431 [main] INFO  testCases.TC_004_ThirdNewsTest - ******Finished Third news test******
11:26:44.188 [main] INFO  testCases.TC_005_FourthNewsTest - ******TC_005 Fourth page test started******
11:26:44.188 [main] INFO  testCases.TC_005_FourthNewsTest - Verify the news content...
11:26:58.592 [main] INFO  testCases.TC_005_FourthNewsTest - verify associate details...
11:27:04.970 [main] INFO  testCases.TC_005_FourthNewsTest - verify hyperlinks display...
11:27:05.059 [main] INFO  testCases.TC_005_FourthNewsTest - verify share options...
11:27:05.333 [main] INFO  testCases.TC_005_FourthNewsTest - verify likes and views options...
11:27:06.410 [main] INFO  testCases.TC_005_FourthNewsTest - ******Finished Fourth news test******
11:27:51.378 [main] INFO  testCases.TC_001_HomepageNewsTest - ******TC_001 Homepage test started******
11:27:51.378 [main] INFO  testCases.TC_001_HomepageNewsTest - Verify the user details...
11:27:59.387 [main] INFO  testCases.TC_001_HomepageNewsTest - Click the Account details button
11:28:01.640 [main] INFO  testCases.TC_001_HomepageNewsTest - Verify the news display...
11:28:01.713 [main] INFO  testCases.TC_001_HomepageNewsTest - Verify whether the tooltip and title are same...
11:28:30.867 [main] INFO  testCases.TC_002_FirstNewsTest - ******TC_002 First page test started******
11:28:30.868 [main] INFO  testCases.TC_002_FirstNewsTest - Verify the news content...
11:28:36.877 [main] INFO  testCases.TC_002_FirstNewsTest - click the first news content...
11:28:45.451 [main] INFO  testCases.TC_002_FirstNewsTest - verify associate details...
11:28:51.825 [main] INFO  testCases.TC_002_FirstNewsTest - verify hyperlinks display...
11:28:51.861 [main] INFO  testCases.TC_002_FirstNewsTest - verify share options...
11:28:52.027 [main] INFO  testCases.TC_002_FirstNewsTest - verify likes and views options...
11:28:53.876 [main] INFO  testCases.TC_002_FirstNewsTest - ******Finished First news test******
11:29:14.295 [main] INFO  testCases.TC_003_SecondNewsTest - ******TC_003 Second page test started******
11:29:14.296 [main] INFO  testCases.TC_003_SecondNewsTest - Verify the news content...
11:29:20.310 [main] INFO  testCases.TC_003_SecondNewsTest - click the second news content...
11:29:28.808 [main] INFO  testCases.TC_003_SecondNewsTest - verify associate details...
11:29:37.168 [main] INFO  testCases.TC_003_SecondNewsTest - verify hyperlinks display...
11:29:37.440 [main] INFO  testCases.TC_003_SecondNewsTest - verify share options...
11:29:37.654 [main] INFO  testCases.TC_003_SecondNewsTest - verify likes and views options...
11:29:40.135 [main] INFO  testCases.TC_003_SecondNewsTest - ******Finished Second news test******
11:30:42.636 [main] INFO  testCases.TC_004_ThirdNewsTest - ******TC_004 Third page test started******
11:30:42.637 [main] INFO  testCases.TC_004_ThirdNewsTest - Verify the news content...
11:30:56.776 [main] INFO  testCases.TC_004_ThirdNewsTest - verify associate details...
11:31:03.034 [main] INFO  testCases.TC_004_ThirdNewsTest - verify hyperlinks display...
11:31:03.067 [main] INFO  testCases.TC_004_ThirdNewsTest - verify share options...
11:31:03.247 [main] INFO  testCases.TC_004_ThirdNewsTest - verify likes and views options...
11:31:06.410 [main] INFO  testCases.TC_004_ThirdNewsTest - ******Finished Third news test******
11:31:51.357 [main] INFO  testCases.TC_005_FourthNewsTest - ******TC_005 Fourth page test started******
11:31:51.357 [main] INFO  testCases.TC_005_FourthNewsTest - Verify the news content...
11:32:05.529 [main] INFO  testCases.TC_005_FourthNewsTest - verify associate details...
11:32:11.789 [main] INFO  testCases.TC_005_FourthNewsTest - verify hyperlinks display...
11:32:11.817 [main] INFO  testCases.TC_005_FourthNewsTest - verify share options...
11:32:12.120 [main] INFO  testCases.TC_005_FourthNewsTest - verify likes and views options...
