13:36:29.857 [main] INFO  testCases.TC_001_HomepageNewsTest - Verify the news display...
13:36:29.915 [main] INFO  testCases.TC_001_HomepageNewsTest - Verify whether the tooltip and title are same...
13:36:47.937 [main] INFO  testCases.TC_002_FirstNewsTest - ******TC_002 First page test started******
13:36:47.938 [main] INFO  testCases.TC_002_FirstNewsTest - Verify the news content...
13:36:53.952 [main] INFO  testCases.TC_002_FirstNewsTest - click the first news content...
13:37:02.310 [main] INFO  testCases.TC_002_FirstNewsTest - verify associate details...
13:37:08.645 [main] INFO  testCases.TC_002_FirstNewsTest - verify hyperlinks display...
13:37:08.668 [main] INFO  testCases.TC_002_FirstNewsTest - verify share options...
13:37:08.880 [main] INFO  testCases.TC_002_FirstNewsTest - verify likes and views options...
13:37:11.573 [main] INFO  testCases.TC_002_FirstNewsTest - ******Finished First news test******
13:37:21.284 [main] INFO  testCases.TC_003_SecondNewsTest - ******TC_003 Second page test started******
13:37:21.284 [main] INFO  testCases.TC_003_SecondNewsTest - Verify the news content...
13:37:27.294 [main] INFO  testCases.TC_003_SecondNewsTest - click the second news content...
13:37:35.569 [main] INFO  testCases.TC_003_SecondNewsTest - verify associate details...
13:37:43.920 [main] INFO  testCases.TC_003_SecondNewsTest - verify hyperlinks display...
13:37:43.964 [main] INFO  testCases.TC_003_SecondNewsTest - verify share options...
13:37:44.254 [main] INFO  testCases.TC_003_SecondNewsTest - verify likes and views options...
13:37:45.466 [main] INFO  testCases.TC_003_SecondNewsTest - ******Finished Second news test******
13:37:59.465 [main] INFO  testCases.TC_004_ThirdNewsTest - ******TC_004 Third page test started******
13:37:59.465 [main] INFO  testCases.TC_004_ThirdNewsTest - Verify the news content...
13:38:13.830 [main] INFO  testCases.TC_004_ThirdNewsTest - verify associate details...
13:38:20.177 [main] INFO  testCases.TC_004_ThirdNewsTest - verify hyperlinks display...
13:38:20.207 [main] INFO  testCases.TC_004_ThirdNewsTest - verify share options...
13:38:20.407 [main] INFO  testCases.TC_004_ThirdNewsTest - verify likes and views options...
13:38:21.500 [main] INFO  testCases.TC_004_ThirdNewsTest - ******Finished Third news test******
13:38:32.044 [main] INFO  testCases.TC_005_FourthNewsTest - ******TC_005 Fourth page test started******
13:38:32.045 [main] INFO  testCases.TC_005_FourthNewsTest - Verify the news content...
13:38:46.568 [main] INFO  testCases.TC_005_FourthNewsTest - verify associate details...
13:38:52.914 [main] INFO  testCases.TC_005_FourthNewsTest - verify hyperlinks display...
13:38:52.953 [main] INFO  testCases.TC_005_FourthNewsTest - verify share options...
13:38:53.162 [main] INFO  testCases.TC_005_FourthNewsTest - verify likes and views options...
13:38:54.184 [main] INFO  testCases.TC_005_FourthNewsTest - ******Finished Fourth news test******
13:39:03.727 [main] INFO  testCases.TC_001_HomepageNewsTest - ******TC_001 Homepage test started******
13:39:03.727 [main] INFO  testCases.TC_001_HomepageNewsTest - Verify the user details...
13:39:13.741 [main] INFO  testCases.TC_001_HomepageNewsTest - Click the Account details button
13:39:20.098 [main] INFO  testCases.TC_001_HomepageNewsTest - Verify the news display...
13:39:20.148 [main] INFO  testCases.TC_001_HomepageNewsTest - Verify whether the tooltip and title are same...
13:39:30.602 [main] INFO  testCases.TC_002_FirstNewsTest - ******TC_002 First page test started******
13:39:30.602 [main] INFO  testCases.TC_002_FirstNewsTest - Verify the news content...
13:39:36.604 [main] INFO  testCases.TC_002_FirstNewsTest - click the first news content...
13:39:45.979 [main] INFO  testCases.TC_002_FirstNewsTest - verify associate details...
13:39:52.345 [main] INFO  testCases.TC_002_FirstNewsTest - verify hyperlinks display...
13:39:52.363 [main] INFO  testCases.TC_002_FirstNewsTest - verify share options...
13:39:52.594 [main] INFO  testCases.TC_002_FirstNewsTest - verify likes and views options...
13:39:53.991 [main] INFO  testCases.TC_002_FirstNewsTest - ******Finished First news test******
13:40:09.124 [main] INFO  testCases.TC_003_SecondNewsTest - ******TC_003 Second page test started******
13:40:09.124 [main] INFO  testCases.TC_003_SecondNewsTest - Verify the news content...
13:40:15.125 [main] INFO  testCases.TC_003_SecondNewsTest - click the second news content...
13:40:23.359 [main] INFO  testCases.TC_003_SecondNewsTest - verify associate details...
13:40:31.691 [main] INFO  testCases.TC_003_SecondNewsTest - verify hyperlinks display...
13:40:31.726 [main] INFO  testCases.TC_003_SecondNewsTest - verify share options...
13:40:31.910 [main] INFO  testCases.TC_003_SecondNewsTest - verify likes and views options...
13:40:32.910 [main] INFO  testCases.TC_003_SecondNewsTest - ******Finished Second news test******
13:40:49.466 [main] INFO  testCases.TC_004_ThirdNewsTest - ******TC_004 Third page test started******
