18:19:13.674 [TestNG-tests-2] INFO  testCases.TC_004_ThirdNewsTest - verify share options...
18:19:14.082 [TestNG-tests-2] INFO  testCases.TC_005_FourthNewsTest - verify share options...
18:19:14.426 [TestNG-tests-2] INFO  testCases.TC_002_FirstNewsTest - verify likes and views options...
18:19:15.654 [TestNG-tests-2] INFO  testCases.TC_002_FirstNewsTest - ******Finished First news test******
18:19:26.984 [TestNG-tests-2] INFO  testCases.TC_003_SecondNewsTest - verify likes and views options...
18:19:28.125 [TestNG-tests-2] INFO  testCases.TC_003_SecondNewsTest - ******Finished Second news test******
18:19:39.741 [TestNG-tests-2] INFO  testCases.TC_004_ThirdNewsTest - verify likes and views options...
18:19:42.601 [TestNG-tests-2] INFO  testCases.TC_004_ThirdNewsTest - ******Finished Third news test******
18:19:56.259 [TestNG-tests-2] INFO  testCases.TC_005_FourthNewsTest - verify likes and views options...
18:19:57.330 [TestNG-tests-2] INFO  testCases.TC_005_FourthNewsTest - ******Finished Fourth news test******
21:20:43.594 [main] INFO  testCases.TC_001_HomepageNewsTest - ******TC_001 Homepage test started******
21:20:43.599 [main] INFO  testCases.TC_001_HomepageNewsTest - Verify the user details...
21:20:51.664 [main] INFO  testCases.TC_001_HomepageNewsTest - Click the Account details button
21:21:00.175 [main] INFO  testCases.TC_001_HomepageNewsTest - Verify the news display...
21:21:00.217 [main] INFO  testCases.TC_001_HomepageNewsTest - Verify whether the tooltip and title are same...
21:21:11.128 [main] INFO  testCases.TC_002_FirstNewsTest - ******TC_002 First page test started******
21:21:11.128 [main] INFO  testCases.TC_002_FirstNewsTest - Verify the news content...
21:21:17.143 [main] INFO  testCases.TC_002_FirstNewsTest - click the first news content...
21:21:25.652 [main] INFO  testCases.TC_002_FirstNewsTest - verify associate details...
21:21:32.019 [main] INFO  testCases.TC_002_FirstNewsTest - verify hyperlinks display...
21:21:32.249 [main] INFO  testCases.TC_002_FirstNewsTest - verify share options...
21:21:32.568 [main] INFO  testCases.TC_002_FirstNewsTest - verify likes and views options...
21:21:33.923 [main] INFO  testCases.TC_002_FirstNewsTest - ******Finished First news test******
21:21:53.158 [main] INFO  testCases.TC_003_SecondNewsTest - ******TC_003 Second page test started******
21:21:53.158 [main] INFO  testCases.TC_003_SecondNewsTest - Verify the news content...
21:21:59.159 [main] INFO  testCases.TC_003_SecondNewsTest - click the second news content...
21:22:07.485 [main] INFO  testCases.TC_003_SecondNewsTest - verify associate details...
21:22:15.812 [main] INFO  testCases.TC_003_SecondNewsTest - verify hyperlinks display...
21:22:15.866 [main] INFO  testCases.TC_003_SecondNewsTest - verify share options...
21:22:16.230 [main] INFO  testCases.TC_003_SecondNewsTest - verify likes and views options...
21:22:17.227 [main] INFO  testCases.TC_003_SecondNewsTest - ******Finished Second news test******
21:22:33.755 [main] INFO  testCases.TC_004_ThirdNewsTest - ******TC_004 Third page test started******
21:22:33.755 [main] INFO  testCases.TC_004_ThirdNewsTest - Verify the news content...
21:22:48.096 [main] INFO  testCases.TC_004_ThirdNewsTest - verify associate details...
21:22:54.478 [main] INFO  testCases.TC_004_ThirdNewsTest - verify hyperlinks display...
21:22:54.522 [main] INFO  testCases.TC_004_ThirdNewsTest - verify share options...
21:22:54.815 [main] INFO  testCases.TC_004_ThirdNewsTest - verify likes and views options...
21:22:55.898 [main] INFO  testCases.TC_004_ThirdNewsTest - ******Finished Third news test******
21:23:10.668 [main] INFO  testCases.TC_005_FourthNewsTest - ******TC_005 Fourth page test started******
21:23:10.669 [main] INFO  testCases.TC_005_FourthNewsTest - Verify the news content...
21:23:25.519 [main] INFO  testCases.TC_005_FourthNewsTest - verify associate details...
21:23:31.908 [main] INFO  testCases.TC_005_FourthNewsTest - verify hyperlinks display...
21:23:31.950 [main] INFO  testCases.TC_005_FourthNewsTest - verify share options...
21:23:32.269 [main] INFO  testCases.TC_005_FourthNewsTest - verify likes and views options...
21:23:33.248 [main] INFO  testCases.TC_005_FourthNewsTest - ******Finished Fourth news test******
21:23:49.226 [main] INFO  testCases.TC_001_HomepageNewsTest - ******TC_001 Homepage test started******
21:23:49.226 [main] INFO  testCases.TC_001_HomepageNewsTest - Verify the user details...
21:23:57.236 [main] INFO  testCases.TC_001_HomepageNewsTest - Click the Account details button
21:24:05.682 [main] INFO  testCases.TC_001_HomepageNewsTest - Verify the news display...
21:24:05.718 [main] INFO  testCases.TC_001_HomepageNewsTest - Verify whether the tooltip and title are same...
21:24:18.233 [main] INFO  testCases.TC_002_FirstNewsTest - ******TC_002 First page test started******
21:24:18.234 [main] INFO  testCases.TC_002_FirstNewsTest - Verify the news content...
21:24:24.246 [main] INFO  testCases.TC_002_FirstNewsTest - click the first news content...
