18:16:36.746 [TestNG-tests-1] INFO  testCases.TC_002_FirstNewsTest - click the first news content...
18:16:37.454 [TestNG-tests-2] INFO  testCases.TC_002_FirstNewsTest - click the first news content...
18:16:50.565 [TestNG-tests-1] INFO  testCases.TC_003_SecondNewsTest - ******TC_003 Second page test started******
18:16:50.565 [TestNG-tests-1] INFO  testCases.TC_003_SecondNewsTest - Verify the news content...
18:16:56.570 [TestNG-tests-1] INFO  testCases.TC_003_SecondNewsTest - click the second news content...
18:16:56.844 [TestNG-tests-2] INFO  testCases.TC_003_SecondNewsTest - ******TC_003 Second page test started******
18:16:56.845 [TestNG-tests-2] INFO  testCases.TC_003_SecondNewsTest - Verify the news content...
18:17:02.850 [TestNG-tests-2] INFO  testCases.TC_003_SecondNewsTest - click the second news content...
18:17:17.915 [TestNG-tests-1] INFO  testCases.TC_004_ThirdNewsTest - ******TC_004 Third page test started******
18:17:17.915 [TestNG-tests-1] INFO  testCases.TC_004_ThirdNewsTest - Verify the news content...
18:17:22.535 [TestNG-tests-2] INFO  testCases.TC_004_ThirdNewsTest - ******TC_004 Third page test started******
18:17:22.536 [TestNG-tests-2] INFO  testCases.TC_004_ThirdNewsTest - Verify the news content...
18:17:38.948 [TestNG-tests-1] INFO  testCases.TC_005_FourthNewsTest - ******TC_005 Fourth page test started******
18:17:38.949 [TestNG-tests-1] INFO  testCases.TC_005_FourthNewsTest - Verify the news content...
18:17:48.540 [TestNG-tests-2] INFO  testCases.TC_005_FourthNewsTest - ******TC_005 Fourth page test started******
18:17:48.541 [TestNG-tests-2] INFO  testCases.TC_005_FourthNewsTest - Verify the news content...
18:18:02.639 [TestNG-tests-1] INFO  testCases.TC_001_HomepageNewsTest - ******TC_001 Homepage test started******
18:18:02.639 [TestNG-tests-1] INFO  testCases.TC_001_HomepageNewsTest - Verify the user details...
18:18:10.649 [TestNG-tests-1] INFO  testCases.TC_001_HomepageNewsTest - Click the Account details button
18:18:16.833 [TestNG-tests-1] INFO  testCases.TC_002_FirstNewsTest - verify associate details...
18:18:21.483 [TestNG-tests-2] INFO  testCases.TC_001_HomepageNewsTest - ******TC_001 Homepage test started******
18:18:21.483 [TestNG-tests-2] INFO  testCases.TC_001_HomepageNewsTest - Verify the user details...
18:18:23.651 [TestNG-tests-1] INFO  testCases.TC_003_SecondNewsTest - verify associate details...
18:18:29.490 [TestNG-tests-2] INFO  testCases.TC_001_HomepageNewsTest - Click the Account details button
18:18:31.797 [TestNG-tests-2] INFO  testCases.TC_002_FirstNewsTest - verify associate details...
18:18:32.326 [TestNG-tests-1] INFO  testCases.TC_004_ThirdNewsTest - verify associate details...
18:18:38.422 [TestNG-tests-2] INFO  testCases.TC_003_SecondNewsTest - verify associate details...
18:18:38.966 [TestNG-tests-1] INFO  testCases.TC_005_FourthNewsTest - verify associate details...
18:18:45.535 [TestNG-tests-1] INFO  testCases.TC_001_HomepageNewsTest - Verify the news display...
18:18:45.582 [TestNG-tests-1] INFO  testCases.TC_002_FirstNewsTest - verify hyperlinks display...
18:18:45.624 [TestNG-tests-1] INFO  testCases.TC_003_SecondNewsTest - verify hyperlinks display...
18:18:45.662 [TestNG-tests-1] INFO  testCases.TC_004_ThirdNewsTest - verify hyperlinks display...
18:18:45.711 [TestNG-tests-1] INFO  testCases.TC_005_FourthNewsTest - verify hyperlinks display...
18:18:45.757 [TestNG-tests-1] INFO  testCases.TC_001_HomepageNewsTest - Verify whether the tooltip and title are same...
18:18:47.001 [TestNG-tests-2] INFO  testCases.TC_004_ThirdNewsTest - verify associate details...
18:18:53.711 [TestNG-tests-2] INFO  testCases.TC_005_FourthNewsTest - verify associate details...
18:18:57.140 [TestNG-tests-1] INFO  testCases.TC_002_FirstNewsTest - verify share options...
18:18:57.379 [TestNG-tests-1] INFO  testCases.TC_003_SecondNewsTest - verify share options...
18:18:57.632 [TestNG-tests-1] INFO  testCases.TC_004_ThirdNewsTest - verify share options...
18:18:57.890 [TestNG-tests-1] INFO  testCases.TC_005_FourthNewsTest - verify share options...
18:18:58.190 [TestNG-tests-1] INFO  testCases.TC_002_FirstNewsTest - verify likes and views options...
18:19:00.206 [TestNG-tests-2] INFO  testCases.TC_001_HomepageNewsTest - Verify the news display...
18:19:00.256 [TestNG-tests-2] INFO  testCases.TC_002_FirstNewsTest - verify hyperlinks display...
18:19:00.333 [TestNG-tests-2] INFO  testCases.TC_003_SecondNewsTest - verify hyperlinks display...
18:19:00.394 [TestNG-tests-2] INFO  testCases.TC_004_ThirdNewsTest - verify hyperlinks display...
18:19:00.524 [TestNG-tests-2] INFO  testCases.TC_005_FourthNewsTest - verify hyperlinks display...
18:19:00.594 [TestNG-tests-2] INFO  testCases.TC_001_HomepageNewsTest - Verify whether the tooltip and title are same...
18:19:12.966 [TestNG-tests-2] INFO  testCases.TC_002_FirstNewsTest - verify share options...
18:19:13.311 [TestNG-tests-2] INFO  testCases.TC_003_SecondNewsTest - verify share options...
